============================= test session starts ==============================
platform linux -- Python 3.12.12, pytest-8.4.2, pluggy-1.6.0
django: version: 5.2.6, settings: noesis2.settings.development (from env)
rootdir: /app
configfile: pytest.ini
plugins: cov-7.0.0, xdist-3.8.0, anyio-4.11.0, langsmith-0.4.55, Faker-37.8.0, django-4.11.1
collected 1 item

ai_core/tests/test_crawler_ingestion_graph.py .                          [100%]

=============================== warnings summary ===============================
<frozen importlib._bootstrap>:488
<frozen importlib._bootstrap>:488
  <frozen importlib._bootstrap>:488: DeprecationWarning: builtin type SwigPyPacked has no __module__ attribute

<frozen importlib._bootstrap>:488
<frozen importlib._bootstrap>:488
  <frozen importlib._bootstrap>:488: DeprecationWarning: builtin type SwigPyObject has no __module__ attribute

<frozen importlib._bootstrap>:488
  <frozen importlib._bootstrap>:488: DeprecationWarning: builtin type swigvarlink has no __module__ attribute

-- Docs: https://docs.pytest.org/en/stable/how-to/capture-warnings.html
======================== 1 passed, 5 warnings in 2.59s =========================
